{"D:\\2_projects\\1_cursor\\MindReminder\\src\\main\\algorithms\\SpacedRepetitionAlgorithm.ts": {"path":"D:\\2_projects\\1_cursor\\MindReminder\\src\\main\\algorithms\\SpacedRepetitionAlgorithm.ts","statementMap":{"0":{"start":{"line":19,"column":2},"end":{"line":25,"column":null}},"1":{"start":{"line":38,"column":2},"end":{"line":38,"column":null}},"2":{"start":{"line":48,"column":4},"end":{"line":50,"column":null}},"3":{"start":{"line":49,"column":6},"end":{"line":49,"column":null}},"4":{"start":{"line":51,"column":4},"end":{"line":51,"column":null}},"5":{"start":{"line":74,"column":4},"end":{"line":76,"column":null}},"6":{"start":{"line":75,"column":6},"end":{"line":75,"column":null}},"7":{"start":{"line":77,"column":4},"end":{"line":81,"column":null}},"8":{"start":{"line":78,"column":6},"end":{"line":80,"column":null}},"9":{"start":{"line":84,"column":30},"end":{"line":84,"column":null}},"10":{"start":{"line":85,"column":29},"end":{"line":85,"column":null}},"11":{"start":{"line":88,"column":29},"end":{"line":88,"column":null}},"12":{"start":{"line":91,"column":31},"end":{"line":91,"column":null}},"13":{"start":{"line":94,"column":30},"end":{"line":94,"column":null}},"14":{"start":{"line":97,"column":27},"end":{"line":97,"column":null}},"15":{"start":{"line":98,"column":4},"end":{"line":98,"column":null}},"16":{"start":{"line":100,"column":4},"end":{"line":100,"column":null}},"17":{"start":{"line":116,"column":4},"end":{"line":118,"column":null}},"18":{"start":{"line":117,"column":6},"end":{"line":117,"column":null}},"19":{"start":{"line":121,"column":26},"end":{"line":121,"column":null}},"20":{"start":{"line":122,"column":27},"end":{"line":122,"column":null}},"21":{"start":{"line":122,"column":57},"end":{"line":122,"column":75}},"22":{"start":{"line":123,"column":4},"end":{"line":125,"column":null}},"23":{"start":{"line":124,"column":6},"end":{"line":124,"column":null}},"24":{"start":{"line":128,"column":24},"end":{"line":128,"column":null}},"25":{"start":{"line":129,"column":10},"end":{"line":129,"column":null}},"26":{"start":{"line":130,"column":4},"end":{"line":132,"column":null}},"27":{"start":{"line":131,"column":6},"end":{"line":131,"column":null}},"28":{"start":{"line":134,"column":4},"end":{"line":134,"column":null}}},"fnMap":{"0":{"name":"(anonymous_0)","decl":{"start":{"line":47,"column":9},"end":{"line":47,"column":29}},"loc":{"start":{"line":47,"column":53},"end":{"line":52,"column":null}},"line":47},"1":{"name":"(anonymous_1)","decl":{"start":{"line":67,"column":9},"end":{"line":67,"column":null}},"loc":{"start":{"line":72,"column":10},"end":{"line":101,"column":null}},"line":72},"2":{"name":"(anonymous_2)","decl":{"start":{"line":114,"column":9},"end":{"line":114,"column":29}},"loc":{"start":{"line":114,"column":70},"end":{"line":135,"column":null}},"line":114},"3":{"name":"(anonymous_3)","decl":{"start":{"line":122,"column":47},"end":{"line":122,"column":57}},"loc":{"start":{"line":122,"column":57},"end":{"line":122,"column":75}},"line":122}},"branchMap":{"0":{"loc":{"start":{"line":48,"column":4},"end":{"line":50,"column":null}},"type":"if","locations":[{"start":{"line":48,"column":4},"end":{"line":50,"column":null}},{"start":{},"end":{}}],"line":48},"1":{"loc":{"start":{"line":48,"column":8},"end":{"line":48,"column":63}},"type":"binary-expr","locations":[{"start":{"line":48,"column":8},"end":{"line":48,"column":22}},{"start":{"line":48,"column":22},"end":{"line":48,"column":36}},{"start":{"line":48,"column":36},"end":{"line":48,"column":63}}],"line":48},"2":{"loc":{"start":{"line":71,"column":4},"end":{"line":71,"column":null}},"type":"default-arg","locations":[{"start":{"line":71,"column":35},"end":{"line":71,"column":null}}],"line":71},"3":{"loc":{"start":{"line":74,"column":4},"end":{"line":76,"column":null}},"type":"if","locations":[{"start":{"line":74,"column":4},"end":{"line":76,"column":null}},{"start":{},"end":{}}],"line":74},"4":{"loc":{"start":{"line":74,"column":8},"end":{"line":74,"column":59}},"type":"binary-expr","locations":[{"start":{"line":74,"column":8},"end":{"line":74,"column":27}},{"start":{"line":74,"column":27},"end":{"line":74,"column":59}}],"line":74},"5":{"loc":{"start":{"line":77,"column":4},"end":{"line":81,"column":null}},"type":"if","locations":[{"start":{"line":77,"column":4},"end":{"line":81,"column":null}},{"start":{},"end":{}}],"line":77},"6":{"loc":{"start":{"line":77,"column":8},"end":{"line":77,"column":66}},"type":"binary-expr","locations":[{"start":{"line":77,"column":8},"end":{"line":77,"column":38}},{"start":{"line":77,"column":38},"end":{"line":77,"column":66}}],"line":77},"7":{"loc":{"start":{"line":116,"column":4},"end":{"line":118,"column":null}},"type":"if","locations":[{"start":{"line":116,"column":4},"end":{"line":118,"column":null}},{"start":{},"end":{}}],"line":116},"8":{"loc":{"start":{"line":123,"column":4},"end":{"line":125,"column":null}},"type":"if","locations":[{"start":{"line":123,"column":4},"end":{"line":125,"column":null}},{"start":{},"end":{}}],"line":123},"9":{"loc":{"start":{"line":130,"column":4},"end":{"line":132,"column":null}},"type":"if","locations":[{"start":{"line":130,"column":4},"end":{"line":132,"column":null}},{"start":{},"end":{}}],"line":130}},"s":{"0":1,"1":1,"2":25,"3":4,"4":21,"5":21,"6":3,"7":18,"8":2,"9":16,"10":16,"11":16,"12":16,"13":16,"14":16,"15":16,"16":16,"17":11,"18":3,"19":8,"20":8,"21":21,"22":8,"23":3,"24":5,"25":5,"26":5,"27":1,"28":4},"f":{"0":1,"1":1,"2":1,"3":21},"b":{"0":[4,21],"1":[25,23,22],"2":[21],"3":[3,18],"4":[21,19],"5":[2,16],"6":[18,17],"7":[3,8],"8":[3,5],"9":[1,4]},"meta":{"lastBranch":10,"lastFunction":4,"lastStatement":29,"seen":{"s:19:2:25:Infinity":0,"s:38:2:38:Infinity":1,"f:47:9:47:29":0,"b:48:4:50:Infinity:undefined:undefined:undefined:undefined":0,"s:48:4:50:Infinity":2,"b:48:8:48:22:48:22:48:36:48:36:48:63":1,"s:49:6:49:Infinity":3,"s:51:4:51:Infinity":4,"f:67:9:67:Infinity":1,"b:71:35:71:Infinity":2,"b:74:4:76:Infinity:undefined:undefined:undefined:undefined":3,"s:74:4:76:Infinity":5,"b:74:8:74:27:74:27:74:59":4,"s:75:6:75:Infinity":6,"b:77:4:81:Infinity:undefined:undefined:undefined:undefined":5,"s:77:4:81:Infinity":7,"b:77:8:77:38:77:38:77:66":6,"s:78:6:80:Infinity":8,"s:84:30:84:Infinity":9,"s:85:29:85:Infinity":10,"s:88:29:88:Infinity":11,"s:91:31:91:Infinity":12,"s:94:30:94:Infinity":13,"s:97:27:97:Infinity":14,"s:98:4:98:Infinity":15,"s:100:4:100:Infinity":16,"f:114:9:114:29":2,"b:116:4:118:Infinity:undefined:undefined:undefined:undefined":7,"s:116:4:118:Infinity":17,"s:117:6:117:Infinity":18,"s:121:26:121:Infinity":19,"s:122:27:122:Infinity":20,"f:122:47:122:57":3,"s:122:57:122:75":21,"b:123:4:125:Infinity:undefined:undefined:undefined:undefined":8,"s:123:4:125:Infinity":22,"s:124:6:124:Infinity":23,"s:128:24:128:Infinity":24,"s:129:10:129:Infinity":25,"b:130:4:132:Infinity:undefined:undefined:undefined:undefined":9,"s:130:4:132:Infinity":26,"s:131:6:131:Infinity":27,"s:134:4:134:Infinity":28}}}
}
